<?xml version="1.0" encoding="UTF-8"?>
<!-- Generated by org.testng.reporters.JUnitReportReporter -->
<testsuite hostname="Nature-PC" name="com.wangyitest.util.YouXiangTest" tests="6" failures="0" timestamp="14 Nov 2015 01:19:35 GMT" time="41.247" errors="0">
  <testcase name="youXiangShouye5" time="6.305" classname="com.wangyitest.util.YouXiangTest"/>
  <testcase name="youXiangShouye3" time="6.411" classname="com.wangyitest.util.YouXiangTest"/>
  <testcase name="youXiangShouye4" time="6.430" classname="com.wangyitest.util.YouXiangTest"/>
  <testcase name="youXiangShouye1" time="7.430" classname="com.wangyitest.util.YouXiangTest"/>
  <testcase name="youXiangShouye" time="7.811" classname="com.wangyitest.util.YouXiangTest"/>
  <testcase name="youXiangShouye2" time="6.860" classname="com.wangyitest.util.YouXiangTest"/>
</testsuite> <!-- com.wangyitest.util.YouXiangTest -->
