<?xml version="1.0" encoding="UTF-8"?>
<!-- Generated by org.testng.reporters.JUnitReportReporter -->
<testsuite hostname="nature-PC" name="com.baidutest.util.tset" tests="1" failures="0" timestamp="19 Aug 2015 07:31:40 GMT" time="0.007" errors="0">
  <testcase name="testCase2" time="0.007" classname="com.baidutest.util.tset"/>
</testsuite> <!-- com.baidutest.util.tset -->
