<?xml version="1.0" encoding="UTF-8"?>
<!-- Generated by org.testng.reporters.JUnitReportReporter -->
<testsuite hostname="nature-PC" name="com.baidutest.util.BaiDuTest" tests="1" failures="0" timestamp="28 Aug 2015 10:29:31 GMT" time="13.613" errors="0">
  <testcase name="BaiDuShouye" time="13.613" classname="com.baidutest.util.BaiDuTest"/>
</testsuite> <!-- com.baidutest.util.BaiDuTest -->
